<?xml version="1.0" encoding="UTF-8"?>
<!-- Generated by org.testng.reporters.JUnitReportReporter -->
<testsuite hostname="LAPTOP-RNTFED1U" failures="0" tests="14" name="TestOperations.testRunner" time="245.818" errors="0" timestamp="17 Jan 2022 21:34:46 GMT" skipped="0">
  <testcase classname="TestOperations.testRunner" name="homePageGetTitle" time="9.306"/>
  <testcase classname="TestOperations.testRunner" name="homePageElement" time="13.313"/>
  <testcase classname="TestOperations.testRunner" name="validAgentDetails" time="25.623"/>
  <testcase classname="TestOperations.testRunner" name="validcustomerLoginDetails" time="16.602"/>
  <testcase classname="TestOperations.testRunner" name="validforgotPasswordDetails" time="13.926"/>
  <testcase classname="TestOperations.testRunner" name="validonewayBooking" time="16.445"/>
  <testcase classname="TestOperations.testRunner" name="validroundtripBooking" time="19.223"/>
  <testcase classname="TestOperations.testRunner" name="validFromAirportTripBooking" time="27.362"/>
  <testcase classname="TestOperations.testRunner" name="validToAirportTripBooking" time="24.535"/>
  <testcase classname="TestOperations.testRunner" name="validContactDetails" time="14.869"/>
  <testcase classname="TestOperations.testRunner" name="validbloggerSocialLinkDetails" time="17.046"/>
  <testcase classname="TestOperations.testRunner" name="validAboutDetails" time="15.722"/>
  <testcase classname="TestOperations.testRunner" name="validcabTypeDetails" time="15.132"/>
  <testcase classname="TestOperations.testRunner" name="validcarRentalDetails" time="16.714"/>
</testsuite> <!-- TestOperations.testRunner -->
